<?xml version="1.0" encoding="UTF-8"?>
<!-- Generated by org.testng.reporters.JUnitXMLReporter -->
<testsuite hostname="172-31-70-105" ignored="0" name="Default test" tests="2" failures="0" timestamp="2023-04-12T09:45:55 UTC" time="1.126" errors="0">
  <testcase name="@BeforeTest startReportBeforeTest" time="0.857" classname="testmeapp.tests.OnlineShoppingTest">
    <failure type="java.lang.UnsupportedClassVersionError" message="org/openqa/selenium/remote/http/jdk/JdkHttpClient$Factory has been compiled by a more recent version of the Java Runtime (class file version 55.0), this version of the Java Runtime only recognizes class file versions up to 52.0">
      <![CDATA[java.lang.UnsupportedClassVersionError: org/openqa/selenium/remote/http/jdk/JdkHttpClient$Factory has been compiled by a more recent version of the Java Runtime (class file version 55.0), this version of the Java Runtime only recognizes class file versions up to 52.0
at java.lang.ClassLoader.defineClass1(Native Method)
at java.lang.ClassLoader.defineClass(Unknown Source)
at java.security.SecureClassLoader.defineClass(Unknown Source)
at java.net.URLClassLoader.defineClass(Unknown Source)
at java.net.URLClassLoader.access$100(Unknown Source)
at java.net.URLClassLoader$1.run(Unknown Source)
at java.net.URLClassLoader$1.run(Unknown Source)
at java.security.AccessController.doPrivileged(Native Method)
at java.net.URLClassLoader.findClass(Unknown Source)
at java.lang.ClassLoader.loadClass(Unknown Source)
at sun.misc.Launcher$AppClassLoader.loadClass(Unknown Source)
at java.lang.ClassLoader.loadClass(Unknown Source)
at java.lang.Class.forName0(Native Method)
at java.lang.Class.forName(Unknown Source)
at java.util.ServiceLoader$LazyIterator.nextService(Unknown Source)
at java.util.ServiceLoader$LazyIterator.next(Unknown Source)
at java.util.ServiceLoader$1.next(Unknown Source)
at java.util.Spliterators$IteratorSpliterator.trySplit(Unknown Source)
at java.util.stream.AbstractTask.compute(Unknown Source)
at java.util.concurrent.CountedCompleter.exec(Unknown Source)
at java.util.concurrent.ForkJoinTask.doExec(Unknown Source)
at java.util.concurrent.ForkJoinTask.doInvoke(Unknown Source)
at java.util.concurrent.ForkJoinTask.invoke(Unknown Source)
at java.util.stream.ReduceOps$ReduceOp.evaluateParallel(Unknown Source)
at java.util.stream.AbstractPipeline.evaluate(Unknown Source)
at java.util.stream.ReferencePipeline.collect(Unknown Source)
at org.openqa.selenium.remote.http.HttpClient$Factory.create(HttpClient.java:55)
at org.openqa.selenium.remote.http.HttpClient$Factory.createDefault(HttpClient.java:73)
at org.openqa.selenium.remote.HttpCommandExecutor$DefaultClientFactoryHolder.<clinit>(HttpCommandExecutor.java:58)
at org.openqa.selenium.remote.HttpCommandExecutor.getDefaultClientFactory(HttpCommandExecutor.java:62)
at org.openqa.selenium.remote.HttpCommandExecutor.<init>(HttpCommandExecutor.java:87)
at org.openqa.selenium.remote.service.DriverCommandExecutor.<init>(DriverCommandExecutor.java:80)
at org.openqa.selenium.chromium.ChromiumDriverCommandExecutor.<init>(ChromiumDriverCommandExecutor.java:35)
at org.openqa.selenium.chrome.ChromeDriver$ChromeDriverCommandExecutor.<init>(ChromeDriver.java:94)
at org.openqa.selenium.chrome.ChromeDriver.<init>(ChromeDriver.java:82)
at org.openqa.selenium.chrome.ChromeDriver.<init>(ChromeDriver.java:50)
at testmeapp.utility.Drivers.getDriver(Drivers.java:12)
at testmeapp.tests.OnlineShoppingTest.startReportBeforeTest(OnlineShoppingTest.java:29)
at sun.reflect.NativeMethodAccessorImpl.invoke0(Native Method)
at sun.reflect.NativeMethodAccessorImpl.invoke(Unknown Source)
at sun.reflect.DelegatingMethodAccessorImpl.invoke(Unknown Source)
at java.lang.reflect.Method.invoke(Unknown Source)
at org.testng.internal.MethodInvocationHelper.invokeMethod(MethodInvocationHelper.java:132)
at org.testng.internal.MethodInvocationHelper.invokeMethodConsideringTimeout(MethodInvocationHelper.java:61)
at org.testng.internal.ConfigInvoker.invokeConfigurationMethod(ConfigInvoker.java:366)
at org.testng.internal.ConfigInvoker.invokeConfigurations(ConfigInvoker.java:320)
at org.testng.TestRunner.invokeTestConfigurations(TestRunner.java:617)
at org.testng.TestRunner.beforeRun(TestRunner.java:607)
at org.testng.TestRunner.run(TestRunner.java:578)
at org.testng.SuiteRunner.runTest(SuiteRunner.java:384)
at org.testng.SuiteRunner.runSequentially(SuiteRunner.java:378)
at org.testng.SuiteRunner.privateRun(SuiteRunner.java:337)
at org.testng.SuiteRunner.run(SuiteRunner.java:286)
at org.testng.SuiteRunnerWorker.runSuite(SuiteRunnerWorker.java:53)
at org.testng.SuiteRunnerWorker.run(SuiteRunnerWorker.java:96)
at org.testng.TestNG.runSuitesSequentially(TestNG.java:1218)
at org.testng.TestNG.runSuitesLocally(TestNG.java:1140)
at org.testng.TestNG.runSuites(TestNG.java:1069)
at org.testng.TestNG.run(TestNG.java:1037)
at org.testng.remote.AbstractRemoteTestNG.run(AbstractRemoteTestNG.java:115)
at org.testng.remote.RemoteTestNG.initAndRun(RemoteTestNG.java:251)
at org.testng.remote.RemoteTestNG.main(RemoteTestNG.java:77)
]]>
    </failure>
  </testcase> <!-- @BeforeTest startReportBeforeTest -->
  <testcase name="@AfterMethod getResultAfterMethod" time="-1.681292755218E9" classname="testmeapp.tests.OnlineShoppingTest">
    <skipped/>
  </testcase> <!-- @AfterMethod getResultAfterMethod -->
  <testcase name="@AfterMethod getResultAfterMethod" time="-1.681292755265E9" classname="testmeapp.tests.OnlineShoppingTest">
    <skipped/>
  </testcase> <!-- @AfterMethod getResultAfterMethod -->
  <testcase name="@AfterTest endReportAfterTest" time="-1.681292755274E9" classname="testmeapp.tests.OnlineShoppingTest">
    <skipped/>
  </testcase> <!-- @AfterTest endReportAfterTest -->
  <testcase name="testCart" time="0.0" classname="testmeapp.tests.OnlineShoppingTest">
    <skipped/>
  </testcase> <!-- testCart -->
  <testcase name="testRegistration" time="0.0" classname="testmeapp.tests.OnlineShoppingTest">
    <skipped/>
  </testcase> <!-- testRegistration -->
</testsuite> <!-- Default test -->
